{"ts": "2026-04-19T09:36:38.051625+00:00", "task_id": "3d2c2c6a-6cd6-4edf-836e-c596b00e4e74", "event": "task_initialized", "payload": {"tier": "free", "priority": 1, "user_id": "u_free", "file_path": "storage/uploads/hosts"}}
{"ts": "2026-04-19T09:36:38.052173+00:00", "task_id": "3d2c2c6a-6cd6-4edf-836e-c596b00e4e74", "event": "task_enqueued", "payload": {"tier": "free", "priority": 1, "created_at": 1776591398.0515976}}
{"ts": "2026-04-19T09:36:38.062715+00:00", "task_id": "16b72fb5-518c-42be-b53c-2b52525e3f58", "event": "task_initialized", "payload": {"tier": "tier3", "priority": 100, "user_id": "u_t3", "file_path": "storage/uploads/hosts"}}
{"ts": "2026-04-19T09:36:38.062778+00:00", "task_id": "16b72fb5-518c-42be-b53c-2b52525e3f58", "event": "task_enqueued", "payload": {"tier": "tier3", "priority": 100, "created_at": 1776591398.062695}}
{"ts": "2026-04-19T09:36:38.073052+00:00", "task_id": "891ba18a-1fe9-4c61-a4b1-a99173a0f2c4", "event": "task_initialized", "payload": {"tier": "tier1", "priority": 1000, "user_id": "u_t1", "file_path": "storage/uploads/hosts"}}
{"ts": "2026-04-19T09:36:38.073118+00:00", "task_id": "891ba18a-1fe9-4c61-a4b1-a99173a0f2c4", "event": "task_enqueued", "payload": {"tier": "tier1", "priority": 1000, "created_at": 1776591398.0730345}}
{"ts": "2026-04-19T09:36:38.081947+00:00", "task_id": "7fed7eb3-dbc2-48ce-8b45-518ac12b68cc", "event": "task_initialized", "payload": {"tier": "tier2", "priority": 500, "user_id": "u_t2", "file_path": "storage/uploads/hosts"}}
{"ts": "2026-04-19T09:36:38.082013+00:00", "task_id": "7fed7eb3-dbc2-48ce-8b45-518ac12b68cc", "event": "task_enqueued", "payload": {"tier": "tier2", "priority": 500, "created_at": 1776591398.0819278}}
{"ts": "2026-04-19T09:38:07.556822+00:00", "task_id": "4423f930-9b01-4e72-8eaf-af74f5ea3327", "event": "task_initialized", "payload": {"tier": "free", "priority": 1, "user_id": "u_free", "file_path": "storage/uploads/hosts"}}
{"ts": "2026-04-19T09:38:07.556923+00:00", "task_id": "4423f930-9b01-4e72-8eaf-af74f5ea3327", "event": "task_enqueued", "payload": {"tier": "free", "priority": 1, "created_at": 1776591487.5567975}}
{"ts": "2026-04-19T09:38:07.574636+00:00", "task_id": "48195476-dc33-41c5-a14e-6dd7c4855802", "event": "task_initialized", "payload": {"tier": "tier3", "priority": 100, "user_id": "u_t3", "file_path": "storage/uploads/hosts"}}
{"ts": "2026-04-19T09:38:07.574752+00:00", "task_id": "48195476-dc33-41c5-a14e-6dd7c4855802", "event": "task_enqueued", "payload": {"tier": "tier3", "priority": 100, "created_at": 1776591487.5746021}}
{"ts": "2026-04-19T09:38:07.584502+00:00", "task_id": "6ca51845-0ec2-4b5a-a447-19c45d7de6bf", "event": "task_initialized", "payload": {"tier": "tier1", "priority": 1000, "user_id": "u_t1", "file_path": "storage/uploads/hosts"}}
{"ts": "2026-04-19T09:38:07.584591+00:00", "task_id": "6ca51845-0ec2-4b5a-a447-19c45d7de6bf", "event": "task_enqueued", "payload": {"tier": "tier1", "priority": 1000, "created_at": 1776591487.5844798}}
{"ts": "2026-04-19T09:38:07.593680+00:00", "task_id": "e3e06210-7c8e-4cb0-a887-27f95536f101", "event": "task_initialized", "payload": {"tier": "tier2", "priority": 500, "user_id": "u_t2", "file_path": "storage/uploads/hosts"}}
{"ts": "2026-04-19T09:38:07.593744+00:00", "task_id": "e3e06210-7c8e-4cb0-a887-27f95536f101", "event": "task_enqueued", "payload": {"tier": "tier2", "priority": 500, "created_at": 1776591487.5936627}}
{"ts": "2026-04-19T09:38:38.169549+00:00", "task_id": "6ca51845-0ec2-4b5a-a447-19c45d7de6bf", "event": "task_dequeued", "payload": {"tier": "tier1", "priority": 1000}}
{"ts": "2026-04-19T09:38:38.169711+00:00", "task_id": "6ca51845-0ec2-4b5a-a447-19c45d7de6bf", "event": "status_changed", "payload": {"from": "queued", "to": "processing:convert"}}
{"ts": "2026-04-19T09:38:39.382368+00:00", "task_id": "6ca51845-0ec2-4b5a-a447-19c45d7de6bf", "event": "convert_output_saved", "payload": {"json_path": "storage/outputs/json/6ca51845-0ec2-4b5a-a447-19c45d7de6bf.json", "xml_path": "storage/outputs/xml/6ca51845-0ec2-4b5a-a447-19c45d7de6bf.xml", "clause_count": 2, "annotation_count": 2}}
{"ts": "2026-04-19T09:38:39.382505+00:00", "task_id": "6ca51845-0ec2-4b5a-a447-19c45d7de6bf", "event": "status_changed", "payload": {"from": "processing:convert", "to": "processing:ai"}}
{"ts": "2026-04-19T09:38:40.080865+00:00", "task_id": "6ca51845-0ec2-4b5a-a447-19c45d7de6bf", "event": "ai_output_saved", "payload": {"summary": "Analyzed hosts with 2 clauses.", "confidence": 0.93, "risk_flags_count": 2}}
{"ts": "2026-04-19T09:38:40.081031+00:00", "task_id": "6ca51845-0ec2-4b5a-a447-19c45d7de6bf", "event": "task_completed", "payload": {"completed_at": 1776591520.081029}}
{"ts": "2026-04-19T09:38:40.095023+00:00", "task_id": "e3e06210-7c8e-4cb0-a887-27f95536f101", "event": "task_dequeued", "payload": {"tier": "tier2", "priority": 500}}
{"ts": "2026-04-19T09:38:40.095197+00:00", "task_id": "e3e06210-7c8e-4cb0-a887-27f95536f101", "event": "status_changed", "payload": {"from": "queued", "to": "processing:convert"}}
{"ts": "2026-04-19T09:38:41.296388+00:00", "task_id": "e3e06210-7c8e-4cb0-a887-27f95536f101", "event": "convert_output_saved", "payload": {"json_path": "storage/outputs/json/e3e06210-7c8e-4cb0-a887-27f95536f101.json", "xml_path": "storage/outputs/xml/e3e06210-7c8e-4cb0-a887-27f95536f101.xml", "clause_count": 2, "annotation_count": 2}}
{"ts": "2026-04-19T09:38:41.296480+00:00", "task_id": "e3e06210-7c8e-4cb0-a887-27f95536f101", "event": "status_changed", "payload": {"from": "processing:convert", "to": "processing:ai"}}
{"ts": "2026-04-19T09:38:42.496849+00:00", "task_id": "e3e06210-7c8e-4cb0-a887-27f95536f101", "event": "ai_output_saved", "payload": {"summary": "Analyzed hosts with 2 clauses.", "confidence": 0.93, "risk_flags_count": 2}}
{"ts": "2026-04-19T09:38:42.496963+00:00", "task_id": "e3e06210-7c8e-4cb0-a887-27f95536f101", "event": "task_completed", "payload": {"completed_at": 1776591522.496962}}
{"ts": "2026-04-19T09:38:42.510565+00:00", "task_id": "48195476-dc33-41c5-a14e-6dd7c4855802", "event": "task_dequeued", "payload": {"tier": "tier3", "priority": 100}}
{"ts": "2026-04-19T09:38:42.510798+00:00", "task_id": "48195476-dc33-41c5-a14e-6dd7c4855802", "event": "status_changed", "payload": {"from": "queued", "to": "processing:convert"}}
{"ts": "2026-04-19T09:38:43.713025+00:00", "task_id": "48195476-dc33-41c5-a14e-6dd7c4855802", "event": "convert_output_saved", "payload": {"json_path": "storage/outputs/json/48195476-dc33-41c5-a14e-6dd7c4855802.json", "xml_path": "storage/outputs/xml/48195476-dc33-41c5-a14e-6dd7c4855802.xml", "clause_count": 2, "annotation_count": 2}}
{"ts": "2026-04-19T09:38:43.713169+00:00", "task_id": "48195476-dc33-41c5-a14e-6dd7c4855802", "event": "status_changed", "payload": {"from": "processing:convert", "to": "processing:ai"}}
{"ts": "2026-04-19T09:38:52.874538+00:00", "task_id": "48195476-dc33-41c5-a14e-6dd7c4855802", "event": "ai_output_saved", "payload": {"summary": "Analyzed hosts with 2 clauses.", "confidence": 0.93, "risk_flags_count": 2}}
{"ts": "2026-04-19T09:38:44.433618+00:00", "task_id": "48195476-dc33-41c5-a14e-6dd7c4855802", "event": "task_completed", "payload": {"completed_at": 1776591524.433613}}
{"ts": "2026-04-19T09:38:44.447456+00:00", "task_id": "4423f930-9b01-4e72-8eaf-af74f5ea3327", "event": "task_dequeued", "payload": {"tier": "free", "priority": 1}}
{"ts": "2026-04-19T09:38:44.447587+00:00", "task_id": "4423f930-9b01-4e72-8eaf-af74f5ea3327", "event": "status_changed", "payload": {"from": "queued", "to": "processing:convert"}}
{"ts": "2026-04-19T09:38:45.651070+00:00", "task_id": "4423f930-9b01-4e72-8eaf-af74f5ea3327", "event": "convert_output_saved", "payload": {"json_path": "storage/outputs/json/4423f930-9b01-4e72-8eaf-af74f5ea3327.json", "xml_path": "storage/outputs/xml/4423f930-9b01-4e72-8eaf-af74f5ea3327.xml", "clause_count": 2, "annotation_count": 2}}
{"ts": "2026-04-19T09:38:45.651202+00:00", "task_id": "4423f930-9b01-4e72-8eaf-af74f5ea3327", "event": "status_changed", "payload": {"from": "processing:convert", "to": "processing:ai"}}
{"ts": "2026-04-19T09:38:46.853042+00:00", "task_id": "4423f930-9b01-4e72-8eaf-af74f5ea3327", "event": "ai_output_saved", "payload": {"summary": "Analyzed hosts with 2 clauses.", "confidence": 0.93, "risk_flags_count": 2}}
{"ts": "2026-04-19T09:38:46.853228+00:00", "task_id": "4423f930-9b01-4e72-8eaf-af74f5ea3327", "event": "task_completed", "payload": {"completed_at": 1776591526.853226}}
{"ts": "2026-04-19T09:42:30.361719+00:00", "task_id": "e9a9feb5-8bd9-4dfe-9d95-c5dc83c3ef11", "event": "task_initialized", "payload": {"tier": "tier1", "priority": 1000, "user_id": "user-1", "file_path": "/tmp/sample.pdf"}}
{"ts": "2026-04-19T09:42:30.361803+00:00", "task_id": "e9a9feb5-8bd9-4dfe-9d95-c5dc83c3ef11", "event": "task_enqueued", "payload": {"tier": "tier1", "priority": 1000, "created_at": 1776591750.361694}}
{"ts": "2026-04-19T09:42:30.361851+00:00", "task_id": "e9a9feb5-8bd9-4dfe-9d95-c5dc83c3ef11", "event": "task_dequeued", "payload": {"tier": "tier1", "priority": 1000}}
{"ts": "2026-04-19T09:42:30.361882+00:00", "task_id": "e9a9feb5-8bd9-4dfe-9d95-c5dc83c3ef11", "event": "status_changed", "payload": {"from": "queued", "to": "processing:convert"}}
{"ts": "2026-04-19T09:42:31.573202+00:00", "task_id": "e9a9feb5-8bd9-4dfe-9d95-c5dc83c3ef11", "event": "convert_output_saved", "payload": {"json_path": "storage/outputs/json/e9a9feb5-8bd9-4dfe-9d95-c5dc83c3ef11.json", "xml_path": "storage/outputs/xml/e9a9feb5-8bd9-4dfe-9d95-c5dc83c3ef11.xml", "clause_count": 2, "annotation_count": 2}}
{"ts": "2026-04-19T09:42:31.573366+00:00", "task_id": "e9a9feb5-8bd9-4dfe-9d95-c5dc83c3ef11", "event": "status_changed", "payload": {"from": "processing:convert", "to": "processing:ai"}}
{"ts": "2026-04-19T09:42:32.774678+00:00", "task_id": "e9a9feb5-8bd9-4dfe-9d95-c5dc83c3ef11", "event": "ai_output_saved", "payload": {"summary": "Analyzed sample.pdf with 2 clauses.", "confidence": 0.93, "risk_flags_count": 2}}
{"ts": "2026-04-19T09:42:32.774792+00:00", "task_id": "e9a9feb5-8bd9-4dfe-9d95-c5dc83c3ef11", "event": "task_completed", "payload": {"completed_at": 1776591752.7747912}}
